{"/Users/charliechueng/Documents/sourcecode/mouyu-mac/src/utils/db.js": {"path":"/Users/charliechueng/Documents/sourcecode/mouyu-mac/src/utils/db.js","statementMap":{"0":{"start":{"line":1,"column":13},"end":{"line":1,"column":28}},"1":{"start":{"line":2,"column":16},"end":{"line":2,"column":41}},"2":{"start":{"line":3,"column":9},"end":{"line":3,"column":13}},"3":{"start":{"line":5,"column":16},"end":{"line":8,"column":1}},"4":{"start":{"line":6,"column":2},"end":{"line":6,"column":69}},"5":{"start":{"line":7,"column":2},"end":{"line":7,"column":12}},"6":{"start":{"line":10,"column":0},"end":{"line":12,"column":2}}},"fnMap":{"0":{"name":"(anonymous_0)","decl":{"start":{"line":5,"column":16},"end":{"line":5,"column":17}},"loc":{"start":{"line":5,"column":22},"end":{"line":8,"column":1}},"line":5}},"branchMap":{},"s":{"0":2,"1":2,"2":2,"3":2,"4":4,"5":4,"6":2},"f":{"0":4},"b":{},"_coverageSchema":"1a1c01bbd47fc00a2c39e90264f33305004495a9","hash":"4b81563f81d54c47c160f56757306be2e4147387"}
,"/Users/charliechueng/Documents/sourcecode/mouyu-mac/src/utils/select.js": {"path":"/Users/charliechueng/Documents/sourcecode/mouyu-mac/src/utils/select.js","statementMap":{"0":{"start":{"line":1,"column":11},"end":{"line":1,"column":26}},"1":{"start":{"line":5,"column":4},"end":{"line":5,"column":33}},"2":{"start":{"line":6,"column":4},"end":{"line":6,"column":35}},"3":{"start":{"line":7,"column":4},"end":{"line":7,"column":27}},"4":{"start":{"line":8,"column":4},"end":{"line":8,"column":28}},"5":{"start":{"line":9,"column":4},"end":{"line":9,"column":30}},"6":{"start":{"line":15,"column":6},"end":{"line":20,"column":14}},"7":{"start":{"line":21,"column":4},"end":{"line":21,"column":26}},"8":{"start":{"line":25,"column":15},"end":{"line":27,"column":12}},"9":{"start":{"line":28,"column":4},"end":{"line":28,"column":19}},"10":{"start":{"line":33,"column":20},"end":{"line":33,"column":64}},"11":{"start":{"line":34,"column":4},"end":{"line":48,"column":7}},"12":{"start":{"line":35,"column":6},"end":{"line":47,"column":7}},"13":{"start":{"line":36,"column":22},"end":{"line":36,"column":38}},"14":{"start":{"line":37,"column":8},"end":{"line":39,"column":9}},"15":{"start":{"line":38,"column":10},"end":{"line":38,"column":23}},"16":{"start":{"line":41,"column":10},"end":{"line":45,"column":13}},"17":{"start":{"line":46,"column":8},"end":{"line":46,"column":30}},"18":{"start":{"line":53,"column":17},"end":{"line":53,"column":62}},"19":{"start":{"line":54,"column":4},"end":{"line":54,"column":24}},"20":{"start":{"line":55,"column":4},"end":{"line":55,"column":48}},"21":{"start":{"line":56,"column":4},"end":{"line":56,"column":51}},"22":{"start":{"line":61,"column":20},"end":{"line":61,"column":77}},"23":{"start":{"line":62,"column":4},"end":{"line":62,"column":26}},"24":{"start":{"line":67,"column":20},"end":{"line":67,"column":69}},"25":{"start":{"line":68,"column":4},"end":{"line":68,"column":26}},"26":{"start":{"line":73,"column":17},"end":{"line":73,"column":19}},"27":{"start":{"line":74,"column":4},"end":{"line":74,"column":58}},"28":{"start":{"line":75,"column":4},"end":{"line":77,"column":7}},"29":{"start":{"line":76,"column":6},"end":{"line":76,"column":60}},"30":{"start":{"line":78,"column":4},"end":{"line":78,"column":18}},"31":{"start":{"line":83,"column":4},"end":{"line":83,"column":76}},"32":{"start":{"line":88,"column":4},"end":{"line":88,"column":26}},"33":{"start":{"line":89,"column":19},"end":{"line":89,"column":21}},"34":{"start":{"line":90,"column":17},"end":{"line":90,"column":19}},"35":{"start":{"line":92,"column":28},"end":{"line":92,"column":44}},"36":{"start":{"line":94,"column":4},"end":{"line":98,"column":7}},"37":{"start":{"line":95,"column":6},"end":{"line":97,"column":7}},"38":{"start":{"line":96,"column":8},"end":{"line":96,"column":28}},"39":{"start":{"line":100,"column":4},"end":{"line":104,"column":5}},"40":{"start":{"line":101,"column":6},"end":{"line":101,"column":16}},"41":{"start":{"line":102,"column":11},"end":{"line":104,"column":5}},"42":{"start":{"line":103,"column":6},"end":{"line":103,"column":31}},"43":{"start":{"line":106,"column":4},"end":{"line":110,"column":5}},"44":{"start":{"line":106,"column":17},"end":{"line":106,"column":18}},"45":{"start":{"line":107,"column":18},"end":{"line":107,"column":65}},"46":{"start":{"line":108,"column":6},"end":{"line":108,"column":39}},"47":{"start":{"line":109,"column":6},"end":{"line":109,"column":36}},"48":{"start":{"line":111,"column":4},"end":{"line":111,"column":18}},"49":{"start":{"line":116,"column":17},"end":{"line":116,"column":19}},"50":{"start":{"line":117,"column":4},"end":{"line":117,"column":26}},"51":{"start":{"line":119,"column":4},"end":{"line":122,"column":5}},"52":{"start":{"line":119,"column":17},"end":{"line":119,"column":18}},"53":{"start":{"line":120,"column":18},"end":{"line":120,"column":69}},"54":{"start":{"line":121,"column":6},"end":{"line":121,"column":56}},"55":{"start":{"line":123,"column":4},"end":{"line":123,"column":18}},"56":{"start":{"line":128,"column":4},"end":{"line":130,"column":13}},"57":{"start":{"line":135,"column":17},"end":{"line":135,"column":19}},"58":{"start":{"line":136,"column":4},"end":{"line":136,"column":28}},"59":{"start":{"line":137,"column":30},"end":{"line":137,"column":48}},"60":{"start":{"line":139,"column":19},"end":{"line":139,"column":21}},"61":{"start":{"line":140,"column":4},"end":{"line":144,"column":7}},"62":{"start":{"line":141,"column":6},"end":{"line":143,"column":7}},"63":{"start":{"line":142,"column":8},"end":{"line":142,"column":28}},"64":{"start":{"line":146,"column":4},"end":{"line":150,"column":5}},"65":{"start":{"line":147,"column":6},"end":{"line":147,"column":20}},"66":{"start":{"line":148,"column":11},"end":{"line":150,"column":5}},"67":{"start":{"line":149,"column":6},"end":{"line":149,"column":31}},"68":{"start":{"line":152,"column":4},"end":{"line":155,"column":5}},"69":{"start":{"line":152,"column":17},"end":{"line":152,"column":18}},"70":{"start":{"line":153,"column":18},"end":{"line":153,"column":67}},"71":{"start":{"line":154,"column":6},"end":{"line":154,"column":50}},"72":{"start":{"line":157,"column":4},"end":{"line":157,"column":18}},"73":{"start":{"line":161,"column":17},"end":{"line":161,"column":19}},"74":{"start":{"line":162,"column":4},"end":{"line":162,"column":28}},"75":{"start":{"line":163,"column":28},"end":{"line":163,"column":46}},"76":{"start":{"line":165,"column":4},"end":{"line":168,"column":5}},"77":{"start":{"line":165,"column":17},"end":{"line":165,"column":18}},"78":{"start":{"line":166,"column":18},"end":{"line":166,"column":65}},"79":{"start":{"line":167,"column":6},"end":{"line":167,"column":48}},"80":{"start":{"line":169,"column":4},"end":{"line":169,"column":18}},"81":{"start":{"line":173,"column":22},"end":{"line":173,"column":78}},"82":{"start":{"line":174,"column":4},"end":{"line":174,"column":23}},"83":{"start":{"line":178,"column":20},"end":{"line":180,"column":12}},"84":{"start":{"line":181,"column":4},"end":{"line":181,"column":32}},"85":{"start":{"line":185,"column":17},"end":{"line":185,"column":19}},"86":{"start":{"line":186,"column":19},"end":{"line":186,"column":37}},"87":{"start":{"line":187,"column":4},"end":{"line":194,"column":5}},"88":{"start":{"line":187,"column":17},"end":{"line":187,"column":18}},"89":{"start":{"line":188,"column":18},"end":{"line":188,"column":61}},"90":{"start":{"line":189,"column":6},"end":{"line":192,"column":7}},"91":{"start":{"line":190,"column":8},"end":{"line":190,"column":12}},"92":{"start":{"line":191,"column":8},"end":{"line":191,"column":17}},"93":{"start":{"line":193,"column":6},"end":{"line":193,"column":44}},"94":{"start":{"line":195,"column":4},"end":{"line":195,"column":18}},"95":{"start":{"line":199,"column":0},"end":{"line":199,"column":26}}},"fnMap":{"0":{"name":"(anonymous_0)","decl":{"start":{"line":4,"column":2},"end":{"line":4,"column":3}},"loc":{"start":{"line":4,"column":39},"end":{"line":10,"column":3}},"line":4},"1":{"name":"(anonymous_1)","decl":{"start":{"line":13,"column":2},"end":{"line":13,"column":3}},"loc":{"start":{"line":13,"column":31},"end":{"line":22,"column":3}},"line":13},"2":{"name":"(anonymous_2)","decl":{"start":{"line":24,"column":2},"end":{"line":24,"column":3}},"loc":{"start":{"line":24,"column":22},"end":{"line":29,"column":3}},"line":24},"3":{"name":"(anonymous_3)","decl":{"start":{"line":32,"column":2},"end":{"line":32,"column":3}},"loc":{"start":{"line":32,"column":16},"end":{"line":49,"column":3}},"line":32},"4":{"name":"(anonymous_4)","decl":{"start":{"line":34,"column":22},"end":{"line":34,"column":23}},"loc":{"start":{"line":34,"column":32},"end":{"line":48,"column":5}},"line":34},"5":{"name":"(anonymous_5)","decl":{"start":{"line":52,"column":2},"end":{"line":52,"column":3}},"loc":{"start":{"line":52,"column":25},"end":{"line":57,"column":3}},"line":52},"6":{"name":"(anonymous_6)","decl":{"start":{"line":60,"column":2},"end":{"line":60,"column":3}},"loc":{"start":{"line":60,"column":28},"end":{"line":63,"column":3}},"line":60},"7":{"name":"(anonymous_7)","decl":{"start":{"line":66,"column":2},"end":{"line":66,"column":3}},"loc":{"start":{"line":66,"column":23},"end":{"line":69,"column":3}},"line":66},"8":{"name":"(anonymous_8)","decl":{"start":{"line":72,"column":2},"end":{"line":72,"column":3}},"loc":{"start":{"line":72,"column":16},"end":{"line":79,"column":3}},"line":72},"9":{"name":"(anonymous_9)","decl":{"start":{"line":75,"column":24},"end":{"line":75,"column":25}},"loc":{"start":{"line":75,"column":34},"end":{"line":77,"column":5}},"line":75},"10":{"name":"(anonymous_10)","decl":{"start":{"line":82,"column":2},"end":{"line":82,"column":3}},"loc":{"start":{"line":82,"column":40},"end":{"line":84,"column":3}},"line":82},"11":{"name":"(anonymous_11)","decl":{"start":{"line":87,"column":2},"end":{"line":87,"column":3}},"loc":{"start":{"line":87,"column":28},"end":{"line":112,"column":3}},"line":87},"12":{"name":"(anonymous_12)","decl":{"start":{"line":94,"column":25},"end":{"line":94,"column":26}},"loc":{"start":{"line":94,"column":35},"end":{"line":98,"column":5}},"line":94},"13":{"name":"(anonymous_13)","decl":{"start":{"line":115,"column":2},"end":{"line":115,"column":3}},"loc":{"start":{"line":115,"column":25},"end":{"line":124,"column":3}},"line":115},"14":{"name":"(anonymous_14)","decl":{"start":{"line":127,"column":2},"end":{"line":127,"column":3}},"loc":{"start":{"line":127,"column":21},"end":{"line":131,"column":3}},"line":127},"15":{"name":"(anonymous_15)","decl":{"start":{"line":134,"column":2},"end":{"line":134,"column":3}},"loc":{"start":{"line":134,"column":30},"end":{"line":158,"column":3}},"line":134},"16":{"name":"(anonymous_16)","decl":{"start":{"line":140,"column":27},"end":{"line":140,"column":28}},"loc":{"start":{"line":140,"column":37},"end":{"line":144,"column":5}},"line":140},"17":{"name":"(anonymous_17)","decl":{"start":{"line":160,"column":2},"end":{"line":160,"column":3}},"loc":{"start":{"line":160,"column":27},"end":{"line":170,"column":3}},"line":160},"18":{"name":"(anonymous_18)","decl":{"start":{"line":172,"column":2},"end":{"line":172,"column":3}},"loc":{"start":{"line":172,"column":16},"end":{"line":175,"column":3}},"line":172},"19":{"name":"(anonymous_19)","decl":{"start":{"line":177,"column":2},"end":{"line":177,"column":3}},"loc":{"start":{"line":177,"column":20},"end":{"line":182,"column":3}},"line":177},"20":{"name":"(anonymous_20)","decl":{"start":{"line":184,"column":2},"end":{"line":184,"column":3}},"loc":{"start":{"line":184,"column":37},"end":{"line":196,"column":3}},"line":184}},"branchMap":{"0":{"loc":{"start":{"line":35,"column":6},"end":{"line":47,"column":7}},"type":"if","locations":[{"start":{"line":35,"column":6},"end":{"line":47,"column":7}},{"start":{},"end":{}}],"line":35},"1":{"loc":{"start":{"line":37,"column":8},"end":{"line":39,"column":9}},"type":"if","locations":[{"start":{"line":37,"column":8},"end":{"line":39,"column":9}},{"start":{},"end":{}}],"line":37},"2":{"loc":{"start":{"line":82,"column":17},"end":{"line":82,"column":38}},"type":"default-arg","locations":[{"start":{"line":82,"column":30},"end":{"line":82,"column":38}}],"line":82},"3":{"loc":{"start":{"line":95,"column":6},"end":{"line":97,"column":7}},"type":"if","locations":[{"start":{"line":95,"column":6},"end":{"line":97,"column":7}},{"start":{},"end":{}}],"line":95},"4":{"loc":{"start":{"line":100,"column":4},"end":{"line":104,"column":5}},"type":"if","locations":[{"start":{"line":100,"column":4},"end":{"line":104,"column":5}},{"start":{"line":102,"column":11},"end":{"line":104,"column":5}}],"line":100},"5":{"loc":{"start":{"line":102,"column":11},"end":{"line":104,"column":5}},"type":"if","locations":[{"start":{"line":102,"column":11},"end":{"line":104,"column":5}},{"start":{},"end":{}}],"line":102},"6":{"loc":{"start":{"line":141,"column":6},"end":{"line":143,"column":7}},"type":"if","locations":[{"start":{"line":141,"column":6},"end":{"line":143,"column":7}},{"start":{},"end":{}}],"line":141},"7":{"loc":{"start":{"line":146,"column":4},"end":{"line":150,"column":5}},"type":"if","locations":[{"start":{"line":146,"column":4},"end":{"line":150,"column":5}},{"start":{"line":148,"column":11},"end":{"line":150,"column":5}}],"line":146},"8":{"loc":{"start":{"line":148,"column":11},"end":{"line":150,"column":5}},"type":"if","locations":[{"start":{"line":148,"column":11},"end":{"line":150,"column":5}},{"start":{},"end":{}}],"line":148},"9":{"loc":{"start":{"line":189,"column":6},"end":{"line":192,"column":7}},"type":"if","locations":[{"start":{"line":189,"column":6},"end":{"line":192,"column":7}},{"start":{},"end":{}}],"line":189}},"s":{"0":1,"1":3,"2":3,"3":3,"4":3,"5":3,"6":2,"7":2,"8":2,"9":2,"10":0,"11":0,"12":0,"13":0,"14":0,"15":0,"16":0,"17":0,"18":0,"19":0,"20":0,"21":0,"22":0,"23":0,"24":0,"25":0,"26":0,"27":0,"28":0,"29":0,"30":0,"31":0,"32":0,"33":0,"34":0,"35":0,"36":0,"37":0,"38":0,"39":0,"40":0,"41":0,"42":0,"43":0,"44":0,"45":0,"46":0,"47":0,"48":0,"49":0,"50":0,"51":0,"52":0,"53":0,"54":0,"55":0,"56":0,"57":0,"58":0,"59":0,"60":0,"61":0,"62":0,"63":0,"64":0,"65":0,"66":0,"67":0,"68":0,"69":0,"70":0,"71":0,"72":0,"73":0,"74":0,"75":0,"76":0,"77":0,"78":0,"79":0,"80":0,"81":0,"82":0,"83":0,"84":0,"85":0,"86":0,"87":0,"88":0,"89":0,"90":0,"91":0,"92":0,"93":0,"94":0,"95":1},"f":{"0":3,"1":2,"2":2,"3":0,"4":0,"5":0,"6":0,"7":0,"8":0,"9":0,"10":0,"11":0,"12":0,"13":0,"14":0,"15":0,"16":0,"17":0,"18":0,"19":0,"20":0},"b":{"0":[0,0],"1":[0,0],"2":[0],"3":[0,0],"4":[0,0],"5":[0,0],"6":[0,0],"7":[0,0],"8":[0,0],"9":[0,0]},"_coverageSchema":"1a1c01bbd47fc00a2c39e90264f33305004495a9","hash":"ec83ac563850c44bcdfb6833fe14e5268fa74ff8"}
}
